Android/ControleEntradaCliente/app/build/intermediates/manifest_merge_blame_file/debug/manifest-merger-blame-debug-report.txt
1<?xml version="1.0" encoding="utf-8"?>
2<manifest xmlns:android="http://schemas.android.com/apk/res/android"
3    package="com.example.controleentradacliente"
4    android:versionCode="1"
5    android:versionName="1.0" >
6
7    <uses-sdk
8        android:minSdkVersion="15"
8-->src\main\AndroidManifest.xml
9        android:targetSdkVersion="29" />
9-->src\main\AndroidManifest.xml
10
11    <uses-permission android:name="android.permission.READ_EXTERNAL_STORAGE" />
11-->src\main\AndroidManifest.xml:5:5-80
11-->src\main\AndroidManifest.xml:5:22-77
12    <uses-permission android:name="android.permission.WRITE_EXTERNAL_STORAGE" />
12-->src\main\AndroidManifest.xml:6:5-81
12-->src\main\AndroidManifest.xml:6:22-78
13    <uses-permission android:name="android.permission.INTERNET" />
13-->src\main\AndroidManifest.xml:7:5-67
13-->src\main\AndroidManifest.xml:7:22-64
14
15    <application
15-->src\main\AndroidManifest.xml:9:5-52:19
16        android:allowBackup="true"
16-->src\main\AndroidManifest.xml:10:9-35
17        android:appComponentFactory="androidx.core.app.CoreComponentFactory"
17-->[androidx.core:core:1.1.0] AndroidManifest.xml:24:18-86
18        android:debuggable="true"
19        android:icon="@mipmap/ic_launcher"
19-->src\main\AndroidManifest.xml:11:9-43
20        android:label="@string/app_name"
20-->src\main\AndroidManifest.xml:12:9-41
21        android:roundIcon="@mipmap/ic_launcher_round"
21-->src\main\AndroidManifest.xml:13:9-54
22        android:supportsRtl="true"
22-->src\main\AndroidManifest.xml:14:9-35
23        android:testOnly="true"
24        android:theme="@style/Theme.MaterialComponents.Light"
24-->src\main\AndroidManifest.xml:15:9-62
25        android:usesCleartextTraffic="true" >
25-->src\main\AndroidManifest.xml:16:9-44
26        <activity
26-->src\main\AndroidManifest.xml:17:9-22:20
27            android:name="com.example.controleentradacliente.CadastrarActivity"
27-->src\main\AndroidManifest.xml:18:13-46
28            android:label="Cadastre-se"
28-->src\main\AndroidManifest.xml:19:13-40
29            android:theme="@style/AppTheme" >
29-->src\main\AndroidManifest.xml:20:13-44
30        </activity>
31        <activity
31-->src\main\AndroidManifest.xml:23:9-32:20
32            android:name="com.example.controleentradacliente.SplashActivity"
32-->src\main\AndroidManifest.xml:24:13-43
33            android:label="@string/app_name"
33-->src\main\AndroidManifest.xml:25:13-45
34            android:theme="@style/Theme.MaterialComponents.Light.NoActionBar" >
34-->src\main\AndroidManifest.xml:26:13-78
35            <intent-filter>
35-->src\main\AndroidManifest.xml:27:13-31:29
36                <action android:name="android.intent.action.MAIN" />
36-->src\main\AndroidManifest.xml:28:17-69
36-->src\main\AndroidManifest.xml:28:25-66
37
38                <category android:name="android.intent.category.LAUNCHER" />
38-->src\main\AndroidManifest.xml:30:17-77
38-->src\main\AndroidManifest.xml:30:27-74
39            </intent-filter>
40        </activity>
41        <activity
41-->src\main\AndroidManifest.xml:33:9-38:20
42            android:name="com.example.controleentradacliente.LoginActivity"
42-->src\main\AndroidManifest.xml:34:13-42
43            android:label="Login"
43-->src\main\AndroidManifest.xml:35:13-34
44            android:theme="@style/AppTheme" >
44-->src\main\AndroidManifest.xml:36:13-44
45        </activity>
46        <activity
46-->src\main\AndroidManifest.xml:39:9-51:20
47            android:name="com.example.controleentradacliente.MainActivity"
47-->src\main\AndroidManifest.xml:40:13-41
48            android:label="@string/app_name"
48-->src\main\AndroidManifest.xml:41:13-45
49            android:theme="@style/AppTheme.NoActionBar" >
49-->src\main\AndroidManifest.xml:42:13-56
50
51            <!--
52            <intent-filter>
53                <action android:name="android.intent.action.MAIN" />
54
55                <category android:name="android.intent.category.LAUNCHER" />
56            </intent-filter>
57            -->
58        </activity>
59
60        <provider
60-->[androidx.lifecycle:lifecycle-process:2.2.0] AndroidManifest.xml:25:9-29:43
61            android:name="androidx.lifecycle.ProcessLifecycleOwnerInitializer"
61-->[androidx.lifecycle:lifecycle-process:2.2.0] AndroidManifest.xml:26:13-79
62            android:authorities="com.example.controleentradacliente.lifecycle-process"
62-->[androidx.lifecycle:lifecycle-process:2.2.0] AndroidManifest.xml:27:13-69
63            android:exported="false"
63-->[androidx.lifecycle:lifecycle-process:2.2.0] AndroidManifest.xml:28:13-37
64            android:multiprocess="true" />
64-->[androidx.lifecycle:lifecycle-process:2.2.0] AndroidManifest.xml:29:13-40
65    </application>
66
67</manifest>